<?xml version="1.0" encoding="UTF-8"?>
<testsuite xmlns:xsi="http://www.w3.org/2001/XMLSchema-instance" xsi:noNamespaceSchemaLocation="https://maven.apache.org/surefire/maven-surefire-plugin/xsd/surefire-test-report-3.0.xsd" version="3.0" name="org.example.ComplexNumberTest" time="0.158" tests="4" errors="0" skipped="0" failures="0">
  <properties>
[...]
</properties>
  <testcase name="complexNumberInitial" classname="org.example.ComplexNumberTest" time="0.007"/>
  <testcase name="setComplexNumber" classname="org.example.ComplexNumberTest" time="0.0"/>
  <testcase name="complexNumberFullElement" classname="org.example.ComplexNumberTest" time="0.015"/>
  <testcase name="setComplexNumberImagin" classname="org.example.ComplexNumberTest" time="0.0"/>
</testsuite>